<?xml version="1.0" encoding="UTF-8"?>
<!-- Generated by org.testng.reporters.JUnitXMLReporter -->
<testsuite ignored="0" hostname="DESKTOP-3BDCUU4" failures="0" tests="4" name="Default test" time="52.43" errors="0" timestamp="2023-03-20T12:10:47 IST">
  <testcase classname="com.ParasoftHybridframework.TestCases.TC_Industriesdrp_008" name="Automotive" time="8.899"/>
  <testcase classname="com.ParasoftHybridframework.TestCases.TC_Industriesdrp_008" name="CivilAviation" time="10.533"/>
  <testcase classname="com.ParasoftHybridframework.TestCases.TC_Industriesdrp_008" name="Finance" time="9.684"/>
  <testcase classname="com.ParasoftHybridframework.TestCases.TC_Industriesdrp_008" name="Government" time="9.016"/>
</testsuite> <!-- Default test -->
