<?xml version="1.0" encoding="UTF-8"?>
<testng-results ignored="0" total="4" passed="4" failed="0" skipped="0">
  <reporter-output>
  </reporter-output>
  <suite started-at="2023-03-20T12:09:54 IST" name="Default suite" finished-at="2023-03-20T12:10:47 IST" duration-ms="52430">
    <groups>
    </groups>
    <test started-at="2023-03-20T12:09:54 IST" name="Default test" finished-at="2023-03-20T12:10:47 IST" duration-ms="52430">
      <class name="com.ParasoftHybridframework.TestCases.TC_Industriesdrp_008">
        <test-method is-config="true" signature="setup()[pri:0, instance:com.ParasoftHybridframework.TestCases.TC_Industriesdrp_008@30c15d8b]" started-at="2023-03-20T12:09:54 IST" name="setup" finished-at="2023-03-20T12:10:08 IST" duration-ms="13598" status="PASS">
          <reporter-output>
          </reporter-output>
        </test-method> <!-- setup -->
        <test-method signature="Automotive()[pri:0, instance:com.ParasoftHybridframework.TestCases.TC_Industriesdrp_008@30c15d8b]" started-at="2023-03-20T12:10:08 IST" name="Automotive" finished-at="2023-03-20T12:10:17 IST" duration-ms="8899" status="PASS">
          <reporter-output>
          </reporter-output>
        </test-method> <!-- Automotive -->
        <test-method signature="CivilAviation()[pri:0, instance:com.ParasoftHybridframework.TestCases.TC_Industriesdrp_008@30c15d8b]" started-at="2023-03-20T12:10:17 IST" name="CivilAviation" finished-at="2023-03-20T12:10:27 IST" duration-ms="10533" status="PASS">
          <reporter-output>
          </reporter-output>
        </test-method> <!-- CivilAviation -->
        <test-method signature="Finance()[pri:0, instance:com.ParasoftHybridframework.TestCases.TC_Industriesdrp_008@30c15d8b]" started-at="2023-03-20T12:10:27 IST" name="Finance" finished-at="2023-03-20T12:10:37 IST" duration-ms="9684" status="PASS">
          <reporter-output>
          </reporter-output>
        </test-method> <!-- Finance -->
        <test-method signature="Government()[pri:0, instance:com.ParasoftHybridframework.TestCases.TC_Industriesdrp_008@30c15d8b]" started-at="2023-03-20T12:10:37 IST" name="Government" finished-at="2023-03-20T12:10:46 IST" duration-ms="9016" status="PASS">
          <reporter-output>
          </reporter-output>
        </test-method> <!-- Government -->
        <test-method is-config="true" signature="teardown()[pri:0, instance:com.ParasoftHybridframework.TestCases.TC_Industriesdrp_008@30c15d8b]" started-at="2023-03-20T12:10:46 IST" name="teardown" finished-at="2023-03-20T12:10:47 IST" duration-ms="568" status="PASS">
          <reporter-output>
          </reporter-output>
        </test-method> <!-- teardown -->
      </class> <!-- com.ParasoftHybridframework.TestCases.TC_Industriesdrp_008 -->
    </test> <!-- Default test -->
  </suite> <!-- Default suite -->
</testng-results>
