<?xml version="1.0" encoding="UTF-8"?>
<testng-results ignored="0" total="1" passed="1" failed="0" skipped="0">
  <reporter-output>
  </reporter-output>
  <suite started-at="2023-03-31T10:41:38 IST" name="Default suite" finished-at="2023-03-31T10:42:00 IST" duration-ms="21951">
    <groups>
    </groups>
    <test started-at="2023-03-31T10:41:38 IST" name="Default test" finished-at="2023-03-31T10:42:00 IST" duration-ms="21951">
      <class name="com.ParasoftHybridframework.TestCases.TC_Languagedrp_006">
        <test-method is-config="true" signature="setup()[pri:0, instance:com.ParasoftHybridframework.TestCases.TC_Languagedrp_006@36fc695d]" started-at="2023-03-31T10:41:38 IST" name="setup" finished-at="2023-03-31T10:41:53 IST" duration-ms="15017" status="PASS">
          <reporter-output>
          </reporter-output>
        </test-method> <!-- setup -->
        <test-method signature="languagedrp()[pri:0, instance:com.ParasoftHybridframework.TestCases.TC_Languagedrp_006@36fc695d]" started-at="2023-03-31T10:41:53 IST" name="languagedrp" finished-at="2023-03-31T10:41:59 IST" duration-ms="6242" status="PASS">
          <reporter-output>
          </reporter-output>
        </test-method> <!-- languagedrp -->
        <test-method is-config="true" signature="teardown()[pri:0, instance:com.ParasoftHybridframework.TestCases.TC_Languagedrp_006@36fc695d]" started-at="2023-03-31T10:41:59 IST" name="teardown" finished-at="2023-03-31T10:42:00 IST" duration-ms="520" status="PASS">
          <reporter-output>
          </reporter-output>
        </test-method> <!-- teardown -->
      </class> <!-- com.ParasoftHybridframework.TestCases.TC_Languagedrp_006 -->
    </test> <!-- Default test -->
  </suite> <!-- Default suite -->
</testng-results>
